2016-10-27T05:54:46.489016Z mysqld_safe Starting mysqld daemon with databases from /var/lib/mysql
2016-10-27T05:54:46.672131Z 0 [Warning] TIMESTAMP with implicit DEFAULT value is deprecated. Please use --explicit_defaults_for_timestamp server option (see documentation for more details).
2016-10-27T05:54:46.673283Z 0 [Note] /usr/sbin/mysqld (mysqld 5.7.16) starting as process 296 ...
2016-10-27T05:54:46.676155Z 0 [Note] InnoDB: PUNCH HOLE support available
2016-10-27T05:54:46.676187Z 0 [Note] InnoDB: Mutexes and rw_locks use GCC atomic builtins
2016-10-27T05:54:46.676193Z 0 [Note] InnoDB: Uses event mutexes
2016-10-27T05:54:46.676196Z 0 [Note] InnoDB: GCC builtin __atomic_thread_fence() is used for memory barrier
2016-10-27T05:54:46.676199Z 0 [Note] InnoDB: Compressed tables use zlib 1.2.3
2016-10-27T05:54:46.676202Z 0 [Note] InnoDB: Using Linux native AIO
2016-10-27T05:54:46.676379Z 0 [Note] InnoDB: Number of pools: 1
2016-10-27T05:54:46.676487Z 0 [Note] InnoDB: Using CPU crc32 instructions
2016-10-27T05:54:46.677991Z 0 [Note] InnoDB: Initializing buffer pool, total size = 128M, instances = 1, chunk size = 128M
2016-10-27T05:54:46.684240Z 0 [Note] InnoDB: Completed initialization of buffer pool
2016-10-27T05:54:46.685833Z 0 [Note] InnoDB: If the mysqld execution user is authorized, page cleaner thread priority can be changed. See the man page of setpriority().
2016-10-27T05:54:46.698258Z 0 [Note] InnoDB: Highest supported file format is Barracuda.
2016-10-27T05:54:46.705931Z 0 [Note] InnoDB: Creating shared tablespace for temporary tables
2016-10-27T05:54:46.706006Z 0 [Note] InnoDB: Setting file './ibtmp1' size to 12 MB. Physically writing the file full; Please wait ...
2016-10-27T05:54:46.798430Z 0 [Note] InnoDB: File './ibtmp1' size is now 12 MB.
2016-10-27T05:54:46.843229Z 0 [Note] InnoDB: 96 redo rollback segment(s) found. 96 redo rollback segment(s) are active.
2016-10-27T05:54:46.843289Z 0 [Note] InnoDB: 32 non-redo rollback segment(s) are active.
2016-10-27T05:54:46.859967Z 0 [Note] InnoDB: 5.7.16 started; log sequence number 2532239
2016-10-27T05:54:46.860886Z 0 [Note] Plugin 'FEDERATED' is disabled.
2016-10-27T05:54:46.861125Z 0 [Note] InnoDB: Loading buffer pool(s) from /var/lib/mysql/ib_buffer_pool
2016-10-27T05:54:46.864968Z 0 [Note] InnoDB: Buffer pool(s) load completed at 161027  5:54:46
2016-10-27T05:54:46.883695Z 0 [Warning] Failed to set up SSL because of the following SSL library error: SSL context is not usable without certificate and private key
2016-10-27T05:54:46.884288Z 0 [Note] Server hostname (bind-address): '*'; port: 3306
2016-10-27T05:54:46.884347Z 0 [Note] IPv6 is available.
2016-10-27T05:54:46.884373Z 0 [Note]   - '::' resolves to '::';
2016-10-27T05:54:46.884397Z 0 [Note] Server socket created on IP: '::'.
2016-10-27T05:54:46.887532Z 0 [Warning] 'user' entry 'root@localhost' ignored in --skip-name-resolve mode.
2016-10-27T05:54:46.887577Z 0 [Warning] 'user' entry 'mysql.sys@localhost' ignored in --skip-name-resolve mode.
2016-10-27T05:54:46.887609Z 0 [Warning] 'db' entry 'sys mysql.sys@localhost' ignored in --skip-name-resolve mode.
2016-10-27T05:54:46.887622Z 0 [Warning] 'proxies_priv' entry '@ root@localhost' ignored in --skip-name-resolve mode.
2016-10-27T05:54:46.888644Z 0 [Warning] 'tables_priv' entry 'sys_config mysql.sys@localhost' ignored in --skip-name-resolve mode.
2016-10-27T05:54:46.894336Z 0 [Note] Event Scheduler: Loaded 0 events
2016-10-27T05:54:46.908225Z 0 [Note] /usr/sbin/mysqld: ready for connections.
Version: '5.7.16'  socket: '/var/run/mysqld/mysqld.sock'  port: 3306  MySQL Community Server (GPL)
