2016-10-27T05:59:14.600774Z mysqld_safe Starting mysqld daemon with databases from /var/lib/mysql
2016-10-27T05:59:14.775969Z 0 [Warning] TIMESTAMP with implicit DEFAULT value is deprecated. Please use --explicit_defaults_for_timestamp server option (see documentation for more details).
2016-10-27T05:59:14.777443Z 0 [Note] /usr/sbin/mysqld (mysqld 5.7.16) starting as process 201 ...
2016-10-27T05:59:14.779951Z 0 [Note] InnoDB: PUNCH HOLE support available
2016-10-27T05:59:14.780016Z 0 [Note] InnoDB: Mutexes and rw_locks use GCC atomic builtins
2016-10-27T05:59:14.780023Z 0 [Note] InnoDB: Uses event mutexes
2016-10-27T05:59:14.780026Z 0 [Note] InnoDB: GCC builtin __atomic_thread_fence() is used for memory barrier
2016-10-27T05:59:14.780029Z 0 [Note] InnoDB: Compressed tables use zlib 1.2.3
2016-10-27T05:59:14.780031Z 0 [Note] InnoDB: Using Linux native AIO
2016-10-27T05:59:14.780228Z 0 [Note] InnoDB: Number of pools: 1
2016-10-27T05:59:14.780314Z 0 [Note] InnoDB: Using CPU crc32 instructions
2016-10-27T05:59:14.781650Z 0 [Note] InnoDB: Initializing buffer pool, total size = 128M, instances = 1, chunk size = 128M
2016-10-27T05:59:14.787738Z 0 [Note] InnoDB: Completed initialization of buffer pool
2016-10-27T05:59:14.789245Z 0 [Note] InnoDB: If the mysqld execution user is authorized, page cleaner thread priority can be changed. See the man page of setpriority().
2016-10-27T05:59:14.801308Z 0 [Note] InnoDB: Highest supported file format is Barracuda.
2016-10-27T05:59:14.809171Z 0 [Note] InnoDB: Removed temporary tablespace data file: "ibtmp1"
2016-10-27T05:59:14.809205Z 0 [Note] InnoDB: Creating shared tablespace for temporary tables
2016-10-27T05:59:14.809235Z 0 [Note] InnoDB: Setting file './ibtmp1' size to 12 MB. Physically writing the file full; Please wait ...
2016-10-27T05:59:14.900052Z 0 [Note] InnoDB: File './ibtmp1' size is now 12 MB.
2016-10-27T05:59:14.900826Z 0 [Note] InnoDB: 96 redo rollback segment(s) found. 96 redo rollback segment(s) are active.
2016-10-27T05:59:14.900856Z 0 [Note] InnoDB: 32 non-redo rollback segment(s) are active.
2016-10-27T05:59:14.902070Z 0 [Note] InnoDB: 5.7.16 started; log sequence number 2532239
2016-10-27T05:59:14.908361Z 0 [Note] InnoDB: Loading buffer pool(s) from /var/lib/mysql/ib_buffer_pool
2016-10-27T05:59:14.908934Z 0 [Note] Plugin 'FEDERATED' is disabled.
2016-10-27T05:59:14.910791Z 0 [Note] InnoDB: Buffer pool(s) load completed at 161027  5:59:14
2016-10-27T05:59:14.913328Z 0 [Warning] Failed to set up SSL because of the following SSL library error: SSL context is not usable without certificate and private key
2016-10-27T05:59:14.913972Z 0 [Note] Server hostname (bind-address): '*'; port: 3306
2016-10-27T05:59:14.914051Z 0 [Note] IPv6 is available.
2016-10-27T05:59:14.914062Z 0 [Note]   - '::' resolves to '::';
2016-10-27T05:59:14.914079Z 0 [Note] Server socket created on IP: '::'.
2016-10-27T05:59:14.917418Z 0 [Warning] 'user' entry 'root@localhost' ignored in --skip-name-resolve mode.
2016-10-27T05:59:14.917487Z 0 [Warning] 'user' entry 'mysql.sys@localhost' ignored in --skip-name-resolve mode.
2016-10-27T05:59:14.917514Z 0 [Warning] 'db' entry 'sys mysql.sys@localhost' ignored in --skip-name-resolve mode.
2016-10-27T05:59:14.917523Z 0 [Warning] 'proxies_priv' entry '@ root@localhost' ignored in --skip-name-resolve mode.
2016-10-27T05:59:14.918453Z 0 [Warning] 'tables_priv' entry 'sys_config mysql.sys@localhost' ignored in --skip-name-resolve mode.
2016-10-27T05:59:14.923520Z 0 [Note] Event Scheduler: Loaded 0 events
2016-10-27T05:59:14.924171Z 0 [Note] /usr/sbin/mysqld: ready for connections.
Version: '5.7.16'  socket: '/var/run/mysqld/mysqld.sock'  port: 3306  MySQL Community Server (GPL)
